\BOOKMARK [0][-]{chapter.1}{Distributed Computing}{}% 1
\BOOKMARK [1][-]{section.1.1}{Introduction}{chapter.1}% 2
\BOOKMARK [2][-]{subsection.1.1.1}{Setting Up}{section.1.1}% 3
\BOOKMARK [1][-]{section.1.2}{Lab 1}{chapter.1}% 4
\BOOKMARK [2][-]{subsection.1.2.1}{Overview}{section.1.2}% 5
\BOOKMARK [2][-]{subsection.1.2.2}{Some Definitions}{section.1.2}% 6
\BOOKMARK [2][-]{subsection.1.2.3}{Part I}{section.1.2}% 7
\BOOKMARK [2][-]{subsection.1.2.4}{Part II}{section.1.2}% 8
\BOOKMARK [2][-]{subsection.1.2.5}{Part III}{section.1.2}% 9
\BOOKMARK [1][-]{section.1.3}{Lab 2}{chapter.1}% 10
\BOOKMARK [2][-]{subsection.1.3.1}{Overview}{section.1.3}% 11
\BOOKMARK [2][-]{subsection.1.3.2}{A Definition}{section.1.3}% 12
\BOOKMARK [2][-]{subsection.1.3.3}{Part A}{section.1.3}% 13
\BOOKMARK [2][-]{subsection.1.3.4}{Part B}{section.1.3}% 14
\BOOKMARK [0][-]{chapter.2}{Networking}{}% 15
\BOOKMARK [1][-]{section.2.1}{How to Use This Chapter}{chapter.2}% 16
\BOOKMARK [1][-]{section.2.2}{Exploring Firefox's Developer Tools}{chapter.2}% 17
\BOOKMARK [1][-]{section.2.3}{What is ``Underneath'' HTTP? \(The TCP Section\)}{chapter.2}% 18
\BOOKMARK [1][-]{section.2.4}{Internet Protocol}{chapter.2}% 19
\BOOKMARK [1][-]{section.2.5}{Address Resolution Protocol}{chapter.2}% 20
\BOOKMARK [1][-]{section.2.6}{Ethernet}{chapter.2}% 21
\BOOKMARK [1][-]{section.2.7}{Conclusion and Future Work}{chapter.2}% 22
\BOOKMARK [0][-]{chapter.3}{Databases}{}% 23
\BOOKMARK [1][-]{section.3.1}{Introduction}{chapter.3}% 24
\BOOKMARK [1][-]{section.3.2}{ER Modelling}{chapter.3}% 25
\BOOKMARK [2][-]{subsection.3.2.1}{A Mathematical Approach}{section.3.2}% 26
\BOOKMARK [2][-]{subsection.3.2.2}{Example: A File Sharing Website}{section.3.2}% 27
\BOOKMARK [1][-]{section.3.3}{Relational Databases}{chapter.3}% 28
\BOOKMARK [2][-]{subsection.3.3.1}{Tables}{section.3.3}% 29
\BOOKMARK [2][-]{subsection.3.3.2}{SQL}{section.3.3}% 30
\BOOKMARK [2][-]{subsection.3.3.3}{Example: The File Sharing Website Revisited}{section.3.3}% 31
\BOOKMARK [2][-]{subsection.3.3.4}{Caveats with Multiple Concurrent Users}{section.3.3}% 32
\BOOKMARK [0][-]{chapter.4}{Operating Systems}{}% 33
\BOOKMARK [1][-]{section.4.1}{Introduction}{chapter.4}% 34
\BOOKMARK [1][-]{section.4.2}{A Buffer Overflow Attack}{chapter.4}% 35
\BOOKMARK [2][-]{subsection.4.2.1}{Some Preliminaries}{section.4.2}% 36
\BOOKMARK [2][-]{subsection.4.2.2}{The Attack}{section.4.2}% 37
\BOOKMARK [0][-]{chapter.5}{This Week in The News}{}% 38
\BOOKMARK [1][-]{section.5.1}{Primary Students Learn to Program}{chapter.5}% 39
\BOOKMARK [2][-]{subsection.5.1.1}{Comments}{section.5.1}% 40
\BOOKMARK [1][-]{section.5.2}{UK Report Finds Cost of Data Breaches Doubled}{chapter.5}% 41
\BOOKMARK [2][-]{subsection.5.2.1}{Comments}{section.5.2}% 42
\BOOKMARK [1][-]{section.5.3}{Software Bug Disrupts E-vote Count in Belgian Election}{chapter.5}% 43
\BOOKMARK [2][-]{subsection.5.3.1}{Comments}{section.5.3}% 44
